<?xml version="1.0" encoding="UTF-8"?>
<testng-results skipped="0" failed="0" total="2" passed="2">
  <reporter-output>
  </reporter-output>
  <suite name="Default suite" duration-ms="29386" started-at="2021-11-10T08:46:15Z" finished-at="2021-11-10T08:46:44Z">
    <groups>
    </groups>
    <test name="Default test" duration-ms="29386" started-at="2021-11-10T08:46:15Z" finished-at="2021-11-10T08:46:44Z">
      <class name="org.test.Testing">
        <test-method status="PASS" signature="browser()[pri:0, instance:org.test.Testing@53b32d7]" name="browser" is-config="true" duration-ms="26901" started-at="2021-11-10T14:16:15Z" finished-at="2021-11-10T14:16:41Z">
          <reporter-output>
          </reporter-output>
        </test-method> <!-- browser -->
        <test-method status="PASS" signature="loginPage1()[pri:0, instance:org.test.Testing@53b32d7]" name="loginPage1" duration-ms="1120" started-at="2021-11-10T14:16:42Z" finished-at="2021-11-10T14:16:43Z">
          <reporter-output>
          </reporter-output>
        </test-method> <!-- loginPage1 -->
        <test-method status="PASS" signature="page2()[pri:0, instance:org.test.Testing@53b32d7]" name="page2" duration-ms="1305" started-at="2021-11-10T14:16:43Z" finished-at="2021-11-10T14:16:44Z">
          <reporter-output>
          </reporter-output>
        </test-method> <!-- page2 -->
      </class> <!-- org.test.Testing -->
    </test> <!-- Default test -->
  </suite> <!-- Default suite -->
</testng-results>
